#
# A fatal error has been detected by the Java Runtime Environment:
#
#  EXCEPTION_ACCESS_VIOLATION (0xc0000005) at pc=0x000000006f9ff732, pid=5088, tid=996
#
# JRE version: Java(TM) SE Runtime Environment (7.0_71-b14) (build 1.7.0_71-b14)
# Java VM: Java HotSpot(TM) 64-Bit Server VM (24.71-b01 mixed mode windows-amd64 compressed oops)
# Problematic frame:
# V  [jvm.dll+0x5f732]
#
# Failed to write core dump. Minidumps are not enabled by default on client versions of Windows
#
# If you would like to submit a bug report, please visit:
#   http://bugreport.sun.com/bugreport/crash.jsp
#

---------------  T H R E A D  ---------------

Current thread (0x000000000af70800):  JavaThread "Daemon worker Thread 2" [_thread_in_vm, id=996, stack(0x000000000c6b0000,0x000000000c7b0000)]

siginfo: ExceptionCode=0xc0000005, reading address 0x00000000d5622558

Registers:
RAX=0x00000000025d0630, RBX=0x00000000d5622558, RCX=0x00000000025cfc30, RDX=0x0000000000003573
RSP=0x000000000c7ac6b0, RBP=0x00000000c2d61725, RSI=0x000000000000004b, RDI=0x0000000000000005
R8 =0x000000000a9708c0, R9 =0x000000000000004b, R10=0x00000000ec5ba948, R11=0x000000000a9708c0
R12=0x000000000000004b, R13=0x000000000a9708c0, R14=0x00000000025cfc30, R15=0x00000000000003d8
RIP=0x000000006f9ff732, EFLAGS=0x0000000000010206

Top of Stack: (sp=0x000000000c7ac6b0)
0x000000000c7ac6b0:   000000000a972098 0000000000000005
0x000000000c7ac6c0:   000000000af70800 000000000a972090
0x000000000c7ac6d0:   000000000a9708c0 000000000af70800
0x000000000c7ac6e0:   0000000000003573 000000006fa00de0
0x000000000c7ac6f0:   000000000a970c98 000000000a9708c0
0x000000000c7ac700:   000000000000004b 00000000c2d61725
0x000000000c7ac710:   00000000c2d61725 000000006fbcf728
0x000000000c7ac720:   0000000000000000 00000000ec5ba948
0x000000000c7ac730:   0000000000000000 000000000a9708b0
0x000000000c7ac740:   000000000a97090c 000000006fafb3ea
0x000000000c7ac750:   000000000a970c98 000000000bd00330
0x000000000c7ac760:   000000000af70800 00000000708f002f
0x000000000c7ac770:   000000000af70800 00000000b01b4398
0x000000000c7ac780:   000000000a9720a0 000000006fb929e1
0x000000000c7ac790:   000000000c7ac801 000000000af70800
0x000000000c7ac7a0:   000000000c7ac9e8 000000000c7ac920 

Instructions: (pc=0x000000006f9ff732)
0x000000006f9ff712:   48 63 d2 33 ff 48 8b 1c d0 45 8b e1 4d 8b e8 4c
0x000000006f9ff722:   8b f1 48 85 db 74 4a 8b 6c 24 60 0f 1f 00 ff c7
0x000000006f9ff732:   39 2b 75 16 48 8b 73 10 45 8b c4 49 8b d5 48 8b
0x000000006f9ff742:   ce e8 c8 8a 0b 00 84 c0 75 48 48 8b 5b 08 48 83 


Register to memory mapping:

RAX=0x00000000025d0630 is an unknown value
RBX=0x00000000d5622558 is an unallocated location in the heap
RCX=0x00000000025cfc30 is an unknown value
RDX=0x0000000000003573 is an unknown value
RSP=0x000000000c7ac6b0 is pointing into the stack for thread: 0x000000000af70800
RBP=
[error occurred during error reporting (printing register info), id 0xc0000005]

Stack: [0x000000000c6b0000,0x000000000c7b0000],  sp=0x000000000c7ac6b0,  free space=1009k
Native frames: (J=compiled Java code, j=interpreted, Vv=VM code, C=native code)
V  [jvm.dll+0x5f732]

Java frames: (J=compiled Java code, j=interpreted, Vv=VM code)
J 223  java.lang.ClassLoader.findLoadedClass0(Ljava/lang/String;)Ljava/lang/Class; (0 bytes) @ 0x000000000278c4ef [0x000000000278c4a0+0x4f]
J 220 C2 java.lang.ClassLoader.loadClass(Ljava/lang/String;Z)Ljava/lang/Class; (122 bytes) @ 0x000000000279004c [0x000000000278fb60+0x4ec]
j  groovy.lang.GroovyClassLoader.loadClass(Ljava/lang/String;ZZZ)Ljava/lang/Class;+30
j  groovy.lang.GroovyClassLoader.loadClass(Ljava/lang/String;ZZ)Ljava/lang/Class;+5
j  org.codehaus.groovy.control.ClassNodeResolver.tryAsLoaderClassOrScript(Ljava/lang/String;Lorg/codehaus/groovy/control/CompilationUnit;)Lorg/codehaus/groovy/control/ClassNodeResolver$LookupResult;+9
j  org.codehaus.groovy.control.ClassNodeResolver.findClassNode(Ljava/lang/String;Lorg/codehaus/groovy/control/CompilationUnit;)Lorg/codehaus/groovy/control/ClassNodeResolver$LookupResult;+3
j  org.codehaus.groovy.control.ClassNodeResolver.resolveName(Ljava/lang/String;Lorg/codehaus/groovy/control/CompilationUnit;)Lorg/codehaus/groovy/control/ClassNodeResolver$LookupResult;+32
j  org.codehaus.groovy.control.ResolveVisitor.resolveToOuter(Lorg/codehaus/groovy/ast/ClassNode;)Z+61
j  org.codehaus.groovy.control.ResolveVisitor.resolve(Lorg/codehaus/groovy/ast/ClassNode;ZZZ)Z+217
j  org.codehaus.groovy.control.ResolveVisitor.resolveFromDefaultImports(Lorg/codehaus/groovy/ast/ClassNode;Z)Z+80
j  org.codehaus.groovy.control.ResolveVisitor.resolve(Lorg/codehaus/groovy/ast/ClassNode;ZZZ)Z+199
j  org.codehaus.groovy.control.ResolveVisitor.resolveFromStaticInnerClasses(Lorg/codehaus/groovy/ast/ClassNode;Z)Z+53
j  org.codehaus.groovy.control.ResolveVisitor.resolve(Lorg/codehaus/groovy/ast/ClassNode;ZZZ)Z+209
j  org.codehaus.groovy.control.ResolveVisitor.resolveFromStaticInnerClasses(Lorg/codehaus/groovy/ast/ClassNode;Z)Z+53
j  org.codehaus.groovy.control.ResolveVisitor.resolve(Lorg/codehaus/groovy/ast/ClassNode;ZZZ)Z+209
j  org.codehaus.groovy.control.ResolveVisitor.resolveFromStaticInnerClasses(Lorg/codehaus/groovy/ast/ClassNode;Z)Z+53
j  org.codehaus.groovy.control.ResolveVisitor.resolve(Lorg/codehaus/groovy/ast/ClassNode;ZZZ)Z+209
j  org.codehaus.groovy.control.ResolveVisitor.resolveFromModule(Lorg/codehaus/groovy/ast/ClassNode;Z)Z+420
j  org.codehaus.groovy.control.ResolveVisitor.resolve(Lorg/codehaus/groovy/ast/ClassNode;ZZZ)Z+182
j  org.codehaus.groovy.control.ResolveVisitor.resolve(Lorg/codehaus/groovy/ast/ClassNode;)Z+5
j  org.codehaus.groovy.control.ResolveVisitor.resolveOrFail(Lorg/codehaus/groovy/ast/ClassNode;Ljava/lang/String;Lorg/codehaus/groovy/ast/ASTNode;)V+2
j  org.codehaus.groovy.control.ResolveVisitor.resolveOrFail(Lorg/codehaus/groovy/ast/ClassNode;Lorg/codehaus/groovy/ast/ASTNode;)V+6
j  org.codehaus.groovy.control.ResolveVisitor.resolveOrFail(Lorg/codehaus/groovy/ast/ClassNode;Lorg/codehaus/groovy/ast/ASTNode;Z)V+25
j  org.codehaus.groovy.control.ResolveVisitor.visitClass(Lorg/codehaus/groovy/ast/ClassNode;)V+554
j  org.codehaus.groovy.control.ResolveVisitor.startResolving(Lorg/codehaus/groovy/ast/ClassNode;Lorg/codehaus/groovy/control/SourceUnit;)V+7
j  org.codehaus.groovy.control.CompilationUnit$11.call(Lorg/codehaus/groovy/control/SourceUnit;)V+79
j  org.codehaus.groovy.control.CompilationUnit.applyToSourceUnits(Lorg/codehaus/groovy/control/CompilationUnit$SourceUnitOperation;)V+79
j  org.codehaus.groovy.control.CompilationUnit.doPhaseOperation(Ljava/lang/Object;)V+30
j  org.codehaus.groovy.control.CompilationUnit.compile(I)V+42
j  groovy.lang.GroovyClassLoader.doParseClass(Lgroovy/lang/GroovyCodeSource;)Ljava/lang/Class;+117
j  groovy.lang.GroovyClassLoader.parseClass(Lgroovy/lang/GroovyCodeSource;Z)Ljava/lang/Class;+37
j  org.gradle.groovy.scripts.internal.DefaultScriptCompilationHandler.compileScript(Lorg/gradle/groovy/scripts/ScriptSource;Ljava/lang/ClassLoader;Lorg/codehaus/groovy/control/CompilerConfiguration;Ljava/io/File;Lorg/gradle/groovy/scripts/Transformer;Lorg/codehaus/groovy/classgen/Verifier;)V+128
j  org.gradle.groovy.scripts.internal.DefaultScriptCompilationHandler.compileToDir(Lorg/gradle/groovy/scripts/ScriptSource;Ljava/lang/ClassLoader;Ljava/io/File;Lorg/gradle/groovy/scripts/Transformer;Ljava/lang/Class;Lorg/codehaus/groovy/classgen/Verifier;)V+41
j  org.gradle.groovy.scripts.internal.FileCacheBackedScriptClassCompiler$CacheInitializer.execute(Lorg/gradle/cache/PersistentCache;)V+37
j  org.gradle.groovy.scripts.internal.FileCacheBackedScriptClassCompiler$CacheInitializer.execute(Ljava/lang/Object;)V+5
j  org.gradle.groovy.scripts.internal.FileCacheBackedScriptClassCompiler$ProgressReportingInitializer.execute(Lorg/gradle/cache/PersistentCache;)V+27
j  org.gradle.groovy.scripts.internal.FileCacheBackedScriptClassCompiler$ProgressReportingInitializer.execute(Ljava/lang/Object;)V+5
j  org.gradle.cache.internal.DefaultPersistentDirectoryCache$Initializer.initialize(Lorg/gradle/cache/internal/FileLock;)V+90
j  org.gradle.cache.internal.DefaultCacheAccess$2.run()V+14
j  org.gradle.cache.internal.DefaultFileLockManager$DefaultFileLock.doWriteAction(Ljava/lang/Runnable;)V+36
j  org.gradle.cache.internal.DefaultFileLockManager$DefaultFileLock.writeFile(Ljava/lang/Runnable;)V+6
j  org.gradle.cache.internal.DefaultCacheAccess.open(Lorg/gradle/cache/internal/filelock/LockOptions;)V+263
j  org.gradle.cache.internal.DefaultPersistentDirectoryStore.open()Lorg/gradle/cache/internal/DefaultPersistentDirectoryStore;+23
j  org.gradle.cache.internal.DefaultPersistentDirectoryStore.open()Lorg/gradle/cache/internal/ReferencablePersistentCache;+1
j  org.gradle.cache.internal.DefaultCacheFactory.doOpen(Ljava/io/File;Ljava/lang/String;Lorg/gradle/cache/CacheValidator;Ljava/util/Map;Lorg/gradle/cache/internal/filelock/LockOptions;Lorg/gradle/api/Action;)Lorg/gradle/cache/PersistentCache;+52
j  org.gradle.cache.internal.DefaultCacheFactory.open(Ljava/io/File;Ljava/lang/String;Lorg/gradle/cache/CacheValidator;Ljava/util/Map;Lorg/gradle/cache/internal/filelock/LockOptions;Lorg/gradle/api/Action;)Lorg/gradle/cache/PersistentCache;+19
j  org.gradle.cache.internal.DefaultCacheRepository$PersistentCacheBuilder.doOpen(Ljava/io/File;Ljava/util/Map;Lorg/gradle/cache/CacheValidator;)Lorg/gradle/cache/PersistentCache;+22
j  org.gradle.cache.internal.DefaultCacheRepository$AbstractCacheBuilder.open()Lorg/gradle/cache/PersistentCache;+50
j  org.gradle.groovy.scripts.internal.FileCacheBackedScriptClassCompiler.compile(Lorg/gradle/groovy/scripts/ScriptSource;Ljava/lang/ClassLoader;Lorg/gradle/groovy/scripts/Transformer;Ljava/lang/Class;Lorg/codehaus/groovy/classgen/Verifier;)Ljava/lang/Class;+177
j  org.gradle.groovy.scripts.internal.ShortCircuitEmptyScriptCompiler.compile(Lorg/gradle/groovy/scripts/ScriptSource;Ljava/lang/ClassLoader;Lorg/gradle/groovy/scripts/Transformer;Ljava/lang/Class;Lorg/codehaus/groovy/classgen/Verifier;)Ljava/lang/Class;+42
j  org.gradle.groovy.scripts.internal.CachingScriptClassCompiler.compile(Lorg/gradle/groovy/scripts/ScriptSource;Ljava/lang/ClassLoader;Lorg/gradle/groovy/scripts/Transformer;Ljava/lang/Class;Lorg/codehaus/groovy/classgen/Verifier;)Ljava/lang/Class;+71
j  org.gradle.groovy.scripts.DefaultScriptCompilerFactory$ScriptCompilerImpl.compile(Ljava/lang/Class;)Lorg/gradle/groovy/scripts/ScriptRunner;+24
j  org.gradle.configuration.DefaultScriptPluginFactory$ScriptPluginImpl.apply(Ljava/lang/Object;)V+423
j  org.gradle.configuration.DefaultInitScriptProcessor.process(Lorg/gradle/groovy/scripts/ScriptSource;Lorg/gradle/api/internal/GradleInternal;)V+55
j  org.gradle.initialization.InitScriptHandler.executeScripts(Lorg/gradle/api/internal/GradleInternal;)V+49
j  org.gradle.initialization.DefaultGradleLauncher.doBuildStages(Lorg/gradle/initialization/DefaultGradleLauncher$Stage;)V+8
j  org.gradle.initialization.DefaultGradleLauncher.doBuild(Lorg/gradle/initialization/DefaultGradleLauncher$Stage;)Lorg/gradle/BuildResult;+27
j  org.gradle.initialization.DefaultGradleLauncher.run()Lorg/gradle/BuildResult;+4
j  org.gradle.launcher.exec.InProcessBuildActionExecuter$DefaultBuildController.run()Lorg/gradle/api/internal/GradleInternal;+5
j  org.gradle.tooling.internal.provider.BuildModelAction.run(Lorg/gradle/initialization/BuildController;)Lorg/gradle/tooling/internal/provider/BuildActionResult;+15
j  org.gradle.tooling.internal.provider.BuildModelAction.run(Lorg/gradle/initialization/BuildController;)Ljava/lang/Object;+2
j  org.gradle.tooling.internal.provider.ConfiguringBuildAction.run(Lorg/gradle/initialization/BuildController;)Ljava/lang/Object;+15
j  org.gradle.launcher.exec.InProcessBuildActionExecuter.execute(Lorg/gradle/initialization/BuildAction;Lorg/gradle/initialization/BuildCancellationToken;Lorg/gradle/launcher/exec/BuildActionParameters;)Ljava/lang/Object;+19
j  org.gradle.launcher.exec.InProcessBuildActionExecuter.execute(Lorg/gradle/initialization/BuildAction;Lorg/gradle/initialization/BuildCancellationToken;Ljava/lang/Object;)Ljava/lang/Object;+7
j  org.gradle.launcher.daemon.server.exec.ExecuteBuild.doBuild(Lorg/gradle/launcher/daemon/server/exec/DaemonCommandExecution;Lorg/gradle/launcher/daemon/protocol/Build;)V+47
j  org.gradle.launcher.daemon.server.exec.BuildCommandOnly.execute(Lorg/gradle/launcher/daemon/server/exec/DaemonCommandExecution;)V+49
j  org.gradle.launcher.daemon.server.exec.DaemonCommandExecution.proceed()Z+28
j  org.gradle.launcher.daemon.server.exec.WatchForDisconnection.execute(Lorg/gradle/launcher/daemon/server/exec/DaemonCommandExecution;)V+19
j  org.gradle.launcher.daemon.server.exec.DaemonCommandExecution.proceed()Z+28
j  org.gradle.launcher.daemon.server.exec.ResetDeprecationLogger.execute(Lorg/gradle/launcher/daemon/server/exec/DaemonCommandExecution;)V+4
j  org.gradle.launcher.daemon.server.exec.DaemonCommandExecution.proceed()Z+28
j  org.gradle.launcher.daemon.server.exec.StartStopIfBuildAndStop.execute(Lorg/gradle/launcher/daemon/server/exec/DaemonCommandExecution;)V+34
j  org.gradle.launcher.daemon.server.exec.DaemonCommandExecution.proceed()Z+28
j  org.gradle.launcher.daemon.server.exec.ForwardClientInput$2.call()Ljava/lang/Void;+4
j  org.gradle.launcher.daemon.server.exec.ForwardClientInput$2.call()Ljava/lang/Object;+1
j  org.gradle.util.Swapper.swap(Ljava/lang/Object;Ljava/util/concurrent/Callable;)Ljava/lang/Object;+21
j  org.gradle.launcher.daemon.server.exec.ForwardClientInput.execute(Lorg/gradle/launcher/daemon/server/exec/DaemonCommandExecution;)V+63
j  org.gradle.launcher.daemon.server.exec.DaemonCommandExecution.proceed()Z+28
j  org.gradle.launcher.daemon.server.exec.LogToClient.doBuild(Lorg/gradle/launcher/daemon/server/exec/DaemonCommandExecution;Lorg/gradle/launcher/daemon/protocol/Build;)V+92
j  org.gradle.launcher.daemon.server.exec.BuildCommandOnly.execute(Lorg/gradle/launcher/daemon/server/exec/DaemonCommandExecution;)V+49
j  org.gradle.launcher.daemon.server.exec.DaemonCommandExecution.proceed()Z+28
j  org.gradle.launcher.daemon.server.exec.EstablishBuildEnvironment.doBuild(Lorg/gradle/launcher/daemon/server/exec/DaemonCommandExecution;Lorg/gradle/launcher/daemon/protocol/Build;)V+237
j  org.gradle.launcher.daemon.server.exec.BuildCommandOnly.execute(Lorg/gradle/launcher/daemon/server/exec/DaemonCommandExecution;)V+49
j  org.gradle.launcher.daemon.server.exec.DaemonCommandExecution.proceed()Z+28
j  org.gradle.launcher.daemon.server.exec.DaemonHygieneAction.execute(Lorg/gradle/launcher/daemon/server/exec/DaemonCommandExecution;)V+1
j  org.gradle.launcher.daemon.server.exec.DaemonCommandExecution.proceed()Z+28
j  org.gradle.launcher.daemon.server.exec.StartBuildOrRespondWithBusy$1.run()V+44
j  org.gradle.launcher.daemon.server.DaemonStateCoordinator$1.run()V+4
j  org.gradle.internal.concurrent.DefaultExecutorFactory$StoppableExecutorImpl$1.run()V+18
j  java.util.concurrent.ThreadPoolExecutor.runWorker(Ljava/util/concurrent/ThreadPoolExecutor$Worker;)V+95
j  java.util.concurrent.ThreadPoolExecutor$Worker.run()V+5
j  java.lang.Thread.run()V+11
v  ~StubRoutines::call_stub

---------------  P R O C E S S  ---------------

Java Threads: ( => current thread )
  0x000000000af6c000 JavaThread "Stdin handler" [_thread_blocked, id=8680, stack(0x000000000c7b0000,0x000000000c8b0000)]
=>0x000000000af70800 JavaThread "Daemon worker Thread 2" [_thread_in_vm, id=996, stack(0x000000000c6b0000,0x000000000c7b0000)]
  0x000000000af6b800 JavaThread "Cancel handler" [_thread_blocked, id=8364, stack(0x0000000000bb0000,0x0000000000cb0000)]
  0x000000000af6a800 JavaThread "Handler for socket connection from /127.0.0.1:56604 to /127.0.0.1:57069" [_thread_in_native, id=2296, stack(0x0000000000ab0000,0x0000000000bb0000)]
  0x000000000af6a000 JavaThread "Daemon Thread 2" [_thread_blocked, id=4952, stack(0x00000000009b0000,0x0000000000ab0000)]
  0x000000000bad7000 JavaThread "File lock request listener" [_thread_in_native, id=5904, stack(0x000000000cbb0000,0x000000000ccb0000)]
  0x000000000aff8800 JavaThread "Incoming local TCP Connector on port 56604" [_thread_in_native, id=3384, stack(0x000000000c560000,0x000000000c660000)]
  0x0000000008c1a800 JavaThread "Service Thread" daemon [_thread_blocked, id=7300, stack(0x000000000a370000,0x000000000a470000)]
  0x0000000008c07000 JavaThread "C2 CompilerThread1" daemon [_thread_blocked, id=7092, stack(0x000000000a270000,0x000000000a370000)]
  0x0000000008c05800 JavaThread "C2 CompilerThread0" daemon [_thread_blocked, id=6044, stack(0x000000000a170000,0x000000000a270000)]
  0x0000000008c04000 JavaThread "Attach Listener" daemon [_thread_blocked, id=2968, stack(0x000000000a070000,0x000000000a170000)]
  0x0000000008c01000 JavaThread "Signal Dispatcher" daemon [_thread_blocked, id=8792, stack(0x0000000009f70000,0x000000000a070000)]
  0x0000000008bcf000 JavaThread "Finalizer" daemon [_thread_blocked, id=220, stack(0x0000000009e70000,0x0000000009f70000)]
  0x0000000008bc6000 JavaThread "Reference Handler" daemon [_thread_blocked, id=3956, stack(0x0000000009d70000,0x0000000009e70000)]
  0x00000000024ad800 JavaThread "main" [_thread_blocked, id=4484, stack(0x00000000024b0000,0x00000000025b0000)]

Other Threads:
  0x0000000008bc1000 VMThread [stack: 0x0000000009c70000,0x0000000009d70000] [id=4160]
  0x0000000008c35800 WatcherThread [stack: 0x000000000a470000,0x000000000a570000] [id=6776]

VM state:not at safepoint (normal execution)

VM Mutex/Monitor currently owned by a thread: None

Heap
 PSYoungGen      total 280064K, used 29082K [0x00000000eaa80000, 0x00000000fe780000, 0x0000000100000000)
  eden space 254464K, 11% used [0x00000000eaa80000,0x00000000ec6e6ae0,0x00000000fa300000)
  from space 25600K, 0% used [0x00000000fa300000,0x00000000fa300000,0x00000000fbc00000)
  to   space 31744K, 0% used [0x00000000fc880000,0x00000000fc880000,0x00000000fe780000)
 ParOldGen       total 86016K, used 41469K [0x00000000c0000000, 0x00000000c5400000, 0x00000000eaa80000)
  object space 86016K, 48% used [0x00000000c0000000,0x00000000c287f698,0x00000000c5400000)
 PSPermGen       total 91136K, used 45501K [0x00000000b0000000, 0x00000000b5900000, 0x00000000c0000000)
  object space 91136K, 49% used [0x00000000b0000000,0x00000000b2c6f668,0x00000000b5900000)

Card table byte_map: [0x0000000005770000,0x0000000005a00000] byte_map_base: 0x00000000051f0000

Polling page: 0x0000000002460000

Code Cache  [0x00000000026b0000, 0x0000000002b70000, 0x00000000056b0000)
 total_blobs=1766 nmethods=1139 adapters=578 free_code_cache=44406Kb largest_free_block=45394304

Compilation events (10 events):
Event: 2891.919 Thread 0x0000000008c07000 1205             groovyjarjarantlr.ASTFactory::make (130 bytes)
Event: 2891.932 Thread 0x0000000008c07000 nmethod 1205 0x000000000294a8d0 code [0x000000000294aa20, 0x000000000294ac58]
Event: 2891.933 Thread 0x0000000008c07000 1206             org.codehaus.groovy.antlr.GroovySourceAST::initialize (54 bytes)
Event: 2891.937 Thread 0x0000000008c07000 nmethod 1206 0x0000000002b58e10 code [0x0000000002b58f60, 0x0000000002b59038]
Event: 2891.939 Thread 0x0000000008c07000 1207             org.codehaus.groovy.antlr.AntlrParserPlugin::isType (20 bytes)
Event: 2891.941 Thread 0x0000000008c07000 nmethod 1207 0x000000000294a690 code [0x000000000294a7c0, 0x000000000294a838]
Event: 2891.943 Thread 0x0000000008c07000 1208             java.util.HashMap$KeyIterator::<init> (6 bytes)
Event: 2891.950 Thread 0x0000000008c07000 nmethod 1208 0x0000000002a7d750 code [0x0000000002a7d880, 0x0000000002a7d978]
Event: 2891.951 Thread 0x0000000008c07000 1209             java.util.HashMap$KeyIterator::<init> (11 bytes)
Event: 2891.957 Thread 0x0000000008c07000 nmethod 1209 0x0000000002ad3b10 code [0x0000000002ad3c40, 0x0000000002ad3d38]

GC Heap History (10 events):
Event: 13.405 GC heap before
{Heap before GC invocations=6 (full 0):
 PSYoungGen      total 71680K, used 71656K [0x00000000eaa80000, 0x00000000f3e80000, 0x0000000100000000)
  eden space 66560K, 100% used [0x00000000eaa80000,0x00000000eeb80000,0x00000000eeb80000)
  from space 5120K, 99% used [0x00000000eeb80000,0x00000000ef07a100,0x00000000ef080000)
  to   space 9216K, 0% used [0x00000000f3580000,0x00000000f3580000,0x00000000f3e80000)
 ParOldGen       total 86016K, used 7835K [0x00000000c0000000, 0x00000000c5400000, 0x00000000eaa80000)
  object space 86016K, 9% used [0x00000000c0000000,0x00000000c07a6dd0,0x00000000c5400000)
 PSPermGen       total 24064K, used 23594K [0x00000000b0000000, 0x00000000b1780000, 0x00000000c0000000)
  object space 24064K, 98% used [0x00000000b0000000,0x00000000b170a970,0x00000000b1780000)
Event: 13.446 GC heap after
Heap after GC invocations=6 (full 0):
 PSYoungGen      total 139776K, used 9211K [0x00000000eaa80000, 0x00000000f4380000, 0x0000000100000000)
  eden space 130560K, 0% used [0x00000000eaa80000,0x00000000eaa80000,0x00000000f2a00000)
  from space 9216K, 99% used [0x00000000f3580000,0x00000000f3e7ef90,0x00000000f3e80000)
  to   space 11776K, 0% used [0x00000000f2a00000,0x00000000f2a00000,0x00000000f3580000)
 ParOldGen       total 86016K, used 9927K [0x00000000c0000000, 0x00000000c5400000, 0x00000000eaa80000)
  object space 86016K, 11% used [0x00000000c0000000,0x00000000c09b1f68,0x00000000c5400000)
 PSPermGen       total 24064K, used 23594K [0x00000000b0000000, 0x00000000b1780000, 0x00000000c0000000)
  object space 24064K, 98% used [0x00000000b0000000,0x00000000b170a970,0x00000000b1780000)
}
Event: 21.220 GC heap before
{Heap before GC invocations=7 (full 0):
 PSYoungGen      total 139776K, used 139771K [0x00000000eaa80000, 0x00000000f4380000, 0x0000000100000000)
  eden space 130560K, 100% used [0x00000000eaa80000,0x00000000f2a00000,0x00000000f2a00000)
  from space 9216K, 99% used [0x00000000f3580000,0x00000000f3e7ef90,0x00000000f3e80000)
  to   space 11776K, 0% used [0x00000000f2a00000,0x00000000f2a00000,0x00000000f3580000)
 ParOldGen       total 86016K, used 9927K [0x00000000c0000000, 0x00000000c5400000, 0x00000000eaa80000)
  object space 86016K, 11% used [0x00000000c0000000,0x00000000c09b1f68,0x00000000c5400000)
 PSPermGen       total 32256K, used 31785K [0x00000000b0000000, 0x00000000b1f80000, 0x00000000c0000000)
  object space 32256K, 98% used [0x00000000b0000000,0x00000000b1f0a598,0x00000000b1f80000)
Event: 21.296 GC heap after
Heap after GC invocations=7 (full 0):
 PSYoungGen      total 142336K, used 11772K [0x00000000eaa80000, 0x00000000fce80000, 0x0000000100000000)
  eden space 130560K, 0% used [0x00000000eaa80000,0x00000000eaa80000,0x00000000f2a00000)
  from space 11776K, 99% used [0x00000000f2a00000,0x00000000f357f100,0x00000000f3580000)
  to   space 18944K, 0% used [0x00000000fbc00000,0x00000000fbc00000,0x00000000fce80000)
 ParOldGen       total 86016K, used 21567K [0x00000000c0000000, 0x00000000c5400000, 0x00000000eaa80000)
  object space 86016K, 25% used [0x00000000c0000000,0x00000000c150fcf8,0x00000000c5400000)
 PSPermGen       total 32256K, used 31785K [0x00000000b0000000, 0x00000000b1f80000, 0x00000000c0000000)
  object space 32256K, 98% used [0x00000000b0000000,0x00000000b1f0a598,0x00000000b1f80000)
}
Event: 26.282 GC heap before
{Heap before GC invocations=8 (full 0):
 PSYoungGen      total 142336K, used 142332K [0x00000000eaa80000, 0x00000000fce80000, 0x0000000100000000)
  eden space 130560K, 100% used [0x00000000eaa80000,0x00000000f2a00000,0x00000000f2a00000)
  from space 11776K, 99% used [0x00000000f2a00000,0x00000000f357f100,0x00000000f3580000)
  to   space 18944K, 0% used [0x00000000fbc00000,0x00000000fbc00000,0x00000000fce80000)
 ParOldGen       total 86016K, used 21567K [0x00000000c0000000, 0x00000000c5400000, 0x00000000eaa80000)
  object space 86016K, 25% used [0x00000000c0000000,0x00000000c150fcf8,0x00000000c5400000)
 PSPermGen       total 38400K, used 38057K [0x00000000b0000000, 0x00000000b2580000, 0x00000000c0000000)
  object space 38400K, 99% used [0x00000000b0000000,0x00000000b252a4b8,0x00000000b2580000)
Event: 26.378 GC heap after
Heap after GC invocations=8 (full 0):
 PSYoungGen      total 273408K, used 18938K [0x00000000eaa80000, 0x00000000fdb80000, 0x0000000100000000)
  eden space 254464K, 0% used [0x00000000eaa80000,0x00000000eaa80000,0x00000000fa300000)
  from space 18944K, 99% used [0x00000000fbc00000,0x00000000fce7eba0,0x00000000fce80000)
  to   space 25600K, 0% used [0x00000000fa300000,0x00000000fa300000,0x00000000fbc00000)
 ParOldGen       total 86016K, used 29932K [0x00000000c0000000, 0x00000000c5400000, 0x00000000eaa80000)
  object space 86016K, 34% used [0x00000000c0000000,0x00000000c1d3b228,0x00000000c5400000)
 PSPermGen       total 38400K, used 38057K [0x00000000b0000000, 0x00000000b2580000, 0x00000000c0000000)
  object space 38400K, 99% used [0x00000000b0000000,0x00000000b252a4b8,0x00000000b2580000)
}
Event: 43.327 GC heap before
{Heap before GC invocations=9 (full 0):
 PSYoungGen      total 273408K, used 158767K [0x00000000eaa80000, 0x00000000fdb80000, 0x0000000100000000)
  eden space 254464K, 54% used [0x00000000eaa80000,0x00000000f330d330,0x00000000fa300000)
  from space 18944K, 99% used [0x00000000fbc00000,0x00000000fce7eba0,0x00000000fce80000)
  to   space 25600K, 0% used [0x00000000fa300000,0x00000000fa300000,0x00000000fbc00000)
 ParOldGen       total 86016K, used 29932K [0x00000000c0000000, 0x00000000c5400000, 0x00000000eaa80000)
  object space 86016K, 34% used [0x00000000c0000000,0x00000000c1d3b228,0x00000000c5400000)
 PSPermGen       total 45568K, used 45519K [0x00000000b0000000, 0x00000000b2c80000, 0x00000000c0000000)
  object space 45568K, 99% used [0x00000000b0000000,0x00000000b2c73f88,0x00000000b2c80000)
Event: 43.428 GC heap after
Heap after GC invocations=9 (full 0):
 PSYoungGen      total 280064K, used 25586K [0x00000000eaa80000, 0x00000000fe780000, 0x0000000100000000)
  eden space 254464K, 0% used [0x00000000eaa80000,0x00000000eaa80000,0x00000000fa300000)
  from space 25600K, 99% used [0x00000000fa300000,0x00000000fbbfc998,0x00000000fbc00000)
  to   space 31744K, 0% used [0x00000000fc880000,0x00000000fc880000,0x00000000fe780000)
 ParOldGen       total 86016K, used 34546K [0x00000000c0000000, 0x00000000c5400000, 0x00000000eaa80000)
  object space 86016K, 40% used [0x00000000c0000000,0x00000000c21bc900,0x00000000c5400000)
 PSPermGen       total 45568K, used 45519K [0x00000000b0000000, 0x00000000b2c80000, 0x00000000c0000000)
  object space 45568K, 99% used [0x00000000b0000000,0x00000000b2c73f88,0x00000000b2c80000)
}
Event: 43.428 GC heap before
{Heap before GC invocations=10 (full 1):
 PSYoungGen      total 280064K, used 25586K [0x00000000eaa80000, 0x00000000fe780000, 0x0000000100000000)
  eden space 254464K, 0% used [0x00000000eaa80000,0x00000000eaa80000,0x00000000fa300000)
  from space 25600K, 99% used [0x00000000fa300000,0x00000000fbbfc998,0x00000000fbc00000)
  to   space 31744K, 0% used [0x00000000fc880000,0x00000000fc880000,0x00000000fe780000)
 ParOldGen       total 86016K, used 34546K [0x00000000c0000000, 0x00000000c5400000, 0x00000000eaa80000)
  object space 86016K, 40% used [0x00000000c0000000,0x00000000c21bc900,0x00000000c5400000)
 PSPermGen       total 45568K, used 45519K [0x00000000b0000000, 0x00000000b2c80000, 0x00000000c0000000)
  object space 45568K, 99% used [0x00000000b0000000,0x00000000b2c73f88,0x00000000b2c80000)
Event: 44.543 GC heap after
Heap after GC invocations=10 (full 1):
 PSYoungGen      total 280064K, used 0K [0x00000000eaa80000, 0x00000000fe780000, 0x0000000100000000)
  eden space 254464K, 0% used [0x00000000eaa80000,0x00000000eaa80000,0x00000000fa300000)
  from space 25600K, 0% used [0x00000000fa300000,0x00000000fa300000,0x00000000fbc00000)
  to   space 31744K, 0% used [0x00000000fc880000,0x00000000fc880000,0x00000000fe780000)
 ParOldGen       total 86016K, used 41469K [0x00000000c0000000, 0x00000000c5400000, 0x00000000eaa80000)
  object space 86016K, 48% used [0x00000000c0000000,0x00000000c287f698,0x00000000c5400000)
 PSPermGen       total 91136K, used 45461K [0x00000000b0000000, 0x00000000b5900000, 0x00000000c0000000)
  object space 91136K, 49% used [0x00000000b0000000,0x00000000b2c65438,0x00000000b5900000)
}

Deoptimization events (10 events):
Event: 43.136 Thread 0x000000000ab44000 Uncommon trap: reason=unreached action=reinterpret pc=0x0000000002a51528 method=java.util.concurrent.locks.ReentrantLock$Sync.nonfairTryAcquire(I)Z @ 34
Event: 43.324 Thread 0x000000000ae07000 Uncommon trap: reason=bimorphic action=maybe_recompile pc=0x00000000028cffe4 method=java.util.Collections$UnmodifiableCollection$1.next()Ljava/lang/Object; @ 4
Event: 43.324 Thread 0x000000000ae07000 Uncommon trap: reason=bimorphic action=maybe_recompile pc=0x00000000028cffe4 method=java.util.Collections$UnmodifiableCollection$1.next()Ljava/lang/Object; @ 4
Event: 2891.473 Thread 0x000000000af70800 Uncommon trap: reason=null_check action=make_not_entrant pc=0x0000000002b31ec0 method=java.lang.StringCoding.deref(Ljava/lang/ThreadLocal;)Ljava/lang/Object; @ 4
Event: 2891.544 Thread 0x000000000af70800 Uncommon trap: reason=null_check action=make_not_entrant pc=0x00000000029d54ec method=java.lang.StringCoding.deref(Ljava/lang/ThreadLocal;)Ljava/lang/Object; @ 4
Event: 2891.698 Thread 0x000000000af70800 Uncommon trap: reason=class_check action=maybe_recompile pc=0x00000000028b9514 method=org.codehaus.groovy.util.AbstractConcurrentMap.segmentFor(I)Lorg/codehaus/groovy/util/AbstractConcurrentMap$Segment; @ 5
Event: 2891.698 Thread 0x000000000af70800 Uncommon trap: reason=class_check action=maybe_recompile pc=0x00000000028b9514 method=org.codehaus.groovy.util.AbstractConcurrentMap.segmentFor(I)Lorg/codehaus/groovy/util/AbstractConcurrentMap$Segment; @ 5
Event: 2891.747 Thread 0x000000000af70800 Uncommon trap: reason=null_check action=make_not_entrant pc=0x0000000002b569fc method=groovyjarjarantlr.CharScanner.testLiteralsTable(I)I @ 32
Event: 2891.835 Thread 0x000000000af70800 Uncommon trap: reason=class_check action=maybe_recompile pc=0x00000000028b9514 method=org.codehaus.groovy.util.AbstractConcurrentMap.segmentFor(I)Lorg/codehaus/groovy/util/AbstractConcurrentMap$Segment; @ 5
Event: 2891.836 Thread 0x000000000af70800 Uncommon trap: reason=class_check action=maybe_recompile pc=0x00000000028b9514 method=org.codehaus.groovy.util.AbstractConcurrentMap.segmentFor(I)Lorg/codehaus/groovy/util/AbstractConcurrentMap$Segment; @ 5

Internal exceptions (10 events):
Event: 2891.937 Thread 0x000000000af70800 Threw 0x00000000ec593878 at C:\re\jdk7u71\1605\hotspot\src\share\vm\prims\jvm.cpp:1281
Event: 2891.937 Thread 0x000000000af70800 Threw 0x00000000ec596178 at C:\re\jdk7u71\1605\hotspot\src\share\vm\prims\jvm.cpp:1281
Event: 2891.938 Thread 0x000000000af70800 Threw 0x00000000ec598268 at C:\re\jdk7u71\1605\hotspot\src\share\vm\prims\jvm.cpp:1281
Event: 2891.938 Thread 0x000000000af70800 Threw 0x00000000ec598f68 at C:\re\jdk7u71\1605\hotspot\src\share\vm\prims\jvm.cpp:1281
Event: 2891.938 Thread 0x000000000af70800 Threw 0x00000000ec599bc0 at C:\re\jdk7u71\1605\hotspot\src\share\vm\prims\jvm.cpp:1281
Event: 2891.938 Thread 0x000000000af70800 Threw 0x00000000ec59a818 at C:\re\jdk7u71\1605\hotspot\src\share\vm\prims\jvm.cpp:1281
Event: 2891.938 Thread 0x000000000af70800 Threw 0x00000000ec59b470 at C:\re\jdk7u71\1605\hotspot\src\share\vm\prims\jvm.cpp:1281
Event: 2891.939 Thread 0x000000000af70800 Threw 0x00000000ec5b4ee8 at C:\re\jdk7u71\1605\hotspot\src\share\vm\prims\jvm.cpp:1281
Event: 2891.940 Thread 0x000000000af70800 Threw 0x00000000ec5b6fe0 at C:\re\jdk7u71\1605\hotspot\src\share\vm\prims\jvm.cpp:1281
Event: 2891.940 Thread 0x000000000af70800 Threw 0x00000000ec5b90d8 at C:\re\jdk7u71\1605\hotspot\src\share\vm\prims\jvm.cpp:1281

Events (10 events):
Event: 2891.836 Thread 0x000000000af70800 Uncommon trap: trap_request=0xffffffde fr.pc=0x00000000028b9514
Event: 2891.836 Thread 0x000000000af70800 DEOPT PACKING pc=0x00000000028b9514 sp=0x000000000c7ad130
Event: 2891.836 Thread 0x000000000af70800 DEOPT UNPACKING pc=0x00000000026e75a4 sp=0x000000000c7ad0d8 mode 2
Event: 2891.848 Executing VM operation: RevokeBias
Event: 2891.848 Executing VM operation: RevokeBias done
Event: 2891.848 Executing VM operation: RevokeBias
Event: 2891.848 Executing VM operation: RevokeBias done
Event: 2891.917 Thread 0x0000000008c07000 flushing nmethod 0x000000000294a690
Event: 2891.942 Thread 0x0000000008c07000 flushing nmethod 0x0000000002a7d290
Event: 2891.950 Thread 0x0000000008c07000 flushing nmethod 0x0000000002ad39d0


Dynamic libraries:
0x00007ff6b5100000 - 0x00007ff6b5133000 	C:\Program Files\Java\jdk1.7.0_71\bin\java.exe
0x00007ffacdce0000 - 0x00007ffacdea1000 	C:\WINDOWS\SYSTEM32\ntdll.dll
0x00007ffacd6f0000 - 0x00007ffacd79d000 	C:\WINDOWS\system32\KERNEL32.DLL
0x00007ffacb170000 - 0x00007ffacb34d000 	C:\WINDOWS\system32\KERNELBASE.dll
0x00007ffacdc30000 - 0x00007ffacdcd6000 	C:\WINDOWS\system32\ADVAPI32.dll
0x00007ffacd290000 - 0x00007ffacd32d000 	C:\WINDOWS\system32\msvcrt.dll
0x00007ffaccef0000 - 0x00007ffaccf4b000 	C:\WINDOWS\system32\sechost.dll
0x00007ffaccf50000 - 0x00007ffacd076000 	C:\WINDOWS\system32\RPCRT4.dll
0x00007ffacd4f0000 - 0x00007ffacd63e000 	C:\WINDOWS\system32\USER32.dll
0x00007ffacd100000 - 0x00007ffacd286000 	C:\WINDOWS\system32\GDI32.dll
0x00007ffac5a20000 - 0x00007ffac5c94000 	C:\WINDOWS\WinSxS\amd64_microsoft.windows.common-controls_6595b64144ccf1df_6.0.10240.16384_none_f41f7b285750ef43\COMCTL32.dll
0x00007ffacc8e0000 - 0x00007ffacc916000 	C:\WINDOWS\system32\IMM32.DLL
0x00007ffacc920000 - 0x00007ffacca7c000 	C:\WINDOWS\system32\MSCTF.dll
0x000000006f720000 - 0x000000006f7f2000 	C:\Program Files\Java\jdk1.7.0_71\jre\bin\msvcr100.dll
0x000000006f9a0000 - 0x0000000070173000 	C:\Program Files\Java\jdk1.7.0_71\jre\bin\server\jvm.dll
0x00007ffacca80000 - 0x00007ffacca88000 	C:\WINDOWS\system32\PSAPI.DLL
0x00007ffac00f0000 - 0x00007ffac00f9000 	C:\WINDOWS\SYSTEM32\WSOCK32.dll
0x00007ffac8740000 - 0x00007ffac8763000 	C:\WINDOWS\SYSTEM32\WINMM.dll
0x00007ffacdbc0000 - 0x00007ffacdc29000 	C:\WINDOWS\system32\WS2_32.dll
0x00007ffacd330000 - 0x00007ffacd338000 	C:\WINDOWS\system32\NSI.dll
0x00007ffac86b0000 - 0x00007ffac86dc000 	C:\WINDOWS\SYSTEM32\WINMMBASE.dll
0x00007ffaca7b0000 - 0x00007ffaca7f4000 	C:\WINDOWS\system32\cfgmgr32.dll
0x00007ffac8fe0000 - 0x00007ffac9007000 	C:\WINDOWS\SYSTEM32\DEVOBJ.dll
0x0000000070c50000 - 0x0000000070c5f000 	C:\Program Files\Java\jdk1.7.0_71\jre\bin\verify.dll
0x00000000708f0000 - 0x0000000070918000 	C:\Program Files\Java\jdk1.7.0_71\jre\bin\java.dll
0x00000000708d0000 - 0x00000000708e5000 	C:\Program Files\Java\jdk1.7.0_71\jre\bin\zip.dll
0x00000000708b0000 - 0x00000000708c9000 	C:\Program Files\Java\jdk1.7.0_71\jre\bin\net.dll
0x00007ffac9db0000 - 0x00007ffac9e0d000 	C:\WINDOWS\system32\mswsock.dll
0x0000000070890000 - 0x00000000708a1000 	C:\Program Files\Java\jdk1.7.0_71\jre\bin\nio.dll
0x00007ffac9f20000 - 0x00007ffac9f37000 	C:\WINDOWS\SYSTEM32\CRYPTSP.dll
0x00007ffaca640000 - 0x00007ffaca668000 	C:\WINDOWS\SYSTEM32\bcrypt.dll
0x00007ffac9ba0000 - 0x00007ffac9bd3000 	C:\WINDOWS\system32\rsaenh.dll
0x00007ffac9f70000 - 0x00007ffac9f8f000 	C:\WINDOWS\SYSTEM32\USERENV.dll
0x00007ffaca790000 - 0x00007ffaca7a3000 	C:\WINDOWS\system32\profapi.dll
0x00007ffaca4d0000 - 0x00007ffaca53b000 	C:\WINDOWS\system32\bcryptprimitives.dll
0x00007ffaca110000 - 0x00007ffaca11b000 	C:\WINDOWS\SYSTEM32\CRYPTBASE.dll
0x00007ffac8d50000 - 0x00007ffac8d88000 	C:\WINDOWS\SYSTEM32\IPHLPAPI.DLL
0x00007ffac8d10000 - 0x00007ffac8d1b000 	C:\WINDOWS\SYSTEM32\WINNSI.DLL
0x00007ffac78a0000 - 0x00007ffac78b6000 	C:\WINDOWS\SYSTEM32\dhcpcsvc6.DLL
0x00007ffac7870000 - 0x00007ffac788a000 	C:\WINDOWS\SYSTEM32\dhcpcsvc.DLL
0x00007ffab3800000 - 0x00007ffab3812000 	C:\Users\madeeh\AppData\Local\Temp\native-platform7627171926514736143dir\native-platform.dll
0x00007ffacd860000 - 0x00007ffacd8b1000 	C:\WINDOWS\system32\SHLWAPI.dll
0x00007ffacd8c0000 - 0x00007ffacdb3c000 	C:\WINDOWS\system32\combase.dll
0x00007ffac5890000 - 0x00007ffac5a1a000 	C:\WINDOWS\SYSTEM32\dbghelp.dll

VM Arguments:
jvm_args: -XX:MaxPermSize=256m -XX:+HeapDumpOnOutOfMemoryError -Xmx1024m -Dfile.encoding=windows-1252 -Duser.country=US -Duser.language=en -Duser.variant 
java_command: org.gradle.launcher.daemon.bootstrap.GradleDaemon 2.2.1 C:\Users\madeeh\.gradle\daemon 10800000 9dc47e60-988c-44a9-afd2-2c838e87aff8 -XX:MaxPermSize=256m -XX:+HeapDumpOnOutOfMemoryError -Xmx1024m -Dfile.encoding=windows-1252 -Duser.country=US -Duser.language=en -Duser.variant
Launcher Type: SUN_STANDARD

Environment Variables:
JAVA_HOME=C:\Program Files\Java\jdk1.7.0_71
PATH=C:\Users\madeeh\Downloads\xpdfbin-win-3.04\xpdfbin-win-3.04\bin64;C:\Python33\;C:\Users\madeeh\AppData\Local\Android\sdk;C:\oraclexe\app\oracle\product\11.2.0\server\bin;C:\Program Files (x86)\NVIDIA Corporation\PhysX\Common;C:\Program Files (x86)\Intel\iCLS Client\;C:\Program Files\Intel\iCLS Client\;C:\WINDOWS\system32;C:\WINDOWS;C:\WINDOWS\System32\Wbem;C:\WINDOWS\System32\WindowsPowerShell\v1.0\;C:\Program Files\Intel\Intel(R) Management Engine Components\DAL;C:\Program Files\Intel\Intel(R) Management Engine Components\IPT;C:\Program Files (x86)\Intel\Intel(R) Management Engine Components\DAL;C:\Program Files (x86)\Intel\Intel(R) Management Engine Components\IPT;C:\Program Files\Condusiv Technologies\ExpressCache\;C:\Program Files\Microsoft SQL Server\Client SDK\ODBC\110\Tools\Binn\;C:\Program Files (x86)\Microsoft SQL Server\120\Tools\Binn\;C:\Program Files\Microsoft SQL Server\120\Tools\Binn\;C:\Program Files\Microsoft SQL Server\120\DTS\Binn\;C:\Program Files (x86)\Microsoft SQL Server\120\Tools\Binn\ManagementStudio\;C:\Program Files (x86)\Microsoft SQL Server\120\DTS\Binn\;C:\Program Files (x86)\Windows Kits\8.1\Windows Performance Toolkit\;C:\Program Files\Microsoft SQL Server\110\Tools\Binn\;C:\Program Files (x86)\Microsoft SDKs\TypeScript\1.0\;c:\Program Files (x86)\Microsoft SQL Server\100\Tools\Binn\;c:\Program Files\Microsoft SQL Server\100\Tools\Binn\;c:\Program Files\Microsoft SQL Server\100\DTS\Binn\;C:\Program Files (x86)\Microsoft Visual Studio 12.0\Common7\IDE\PrivateAssemblies\
USERNAME=madeeh
OS=Windows_NT
PROCESSOR_IDENTIFIER=Intel64 Family 6 Model 69 Stepping 1, GenuineIntel



---------------  S Y S T E M  ---------------

OS: Windows 8.1 , 64 bit Build 9600 

CPU:total 4 (2 cores per cpu, 2 threads per core) family 6 model 69 stepping 1, cmov, cx8, fxsr, mmx, sse, sse2, sse3, ssse3, sse4.1, sse4.2, popcnt, avx, avx2, aes, erms, ht, tsc, tscinvbit

Memory: 4k page, physical 8268852k(4597224k free), swap 10038324k(5228392k free)

vm_info: Java HotSpot(TM) 64-Bit Server VM (24.71-b01) for windows-amd64 JRE (1.7.0_71-b14), built on Sep 26 2014 16:16:12 by "java_re" with unknown MS VC++:1600

time: Tue Sep 01 11:49:51 2015
elapsed time: 2892 seconds

